[DEBUG] Bot is starting...
[INFO](29/3/2022@16:15:11) Msg from أحمد(721351104): /start
[INFO](29/3/2022@16:15:19) Msg from أحمد(721351104): night
[DEBUG] Bot is starting...
[INFO](29/3/2022@16:15:37) Msg from أحمد(721351104): night
[INFO](29/3/2022@16:36:8) Msg from أحمد(721351104): haha
[INFO](29/3/2022@16:46:59) Msg from تواصل | مركز آيات(440894867): /start
[INFO](29/3/2022@16:47:40) Msg from تواصل | مركز آيات(440894867): haha
[INFO](29/3/2022@16:53:3) Msg from أحمد(721351104): ١
[INFO](29/3/2022@16:53:6) Msg from أحمد(721351104): 1
[INFO](29/3/2022@16:53:17) Msg from أحمد(721351104): haha
[INFO](29/3/2022@16:53:56) Msg from أحمد(721351104): new
[INFO](29/3/2022@16:53:59) Msg from أحمد(721351104): haha
[INFO](29/3/2022@16:54:45) Msg from أحمد(721351104): night
[INFO](29/3/2022@16:54:49) Msg from أحمد(721351104): haha
[INFO](29/3/2022@16:55:0) Msg from أحمد(721351104): 1⃣
[INFO](29/3/2022@16:55:2) Msg from أحمد(721351104): 1
[INFO](29/3/2022@16:55:30) Msg from أحمد(721351104): haha
[INFO](29/3/2022@16:56:21) Msg from أحمد(721351104): 1
[INFO](29/3/2022@16:56:56) Msg from أحمد(721351104): 1
[INFO](29/3/2022@16:57:4) Msg from أحمد(721351104): 1
[INFO](29/3/2022@16:57:21) Msg from أحمد(721351104): ahmed
[INFO](29/3/2022@16:57:57) Msg from أحمد(721351104): hello
[INFO](29/3/2022@16:59:10) Msg from أحمد(721351104): haha
[DEBUG] Bot is starting...
[INFO](29/3/2022@17:0:9) Msg from أحمد(721351104): haha
[INFO](29/3/2022@17:0:35) Msg from أحمد(721351104): haja
[INFO](29/3/2022@17:0:38) Msg from أحمد(721351104): haha
[DEBUG] Bot is starting...
[INFO](29/3/2022@17:1:44) Msg from أحمد(721351104): haha
[INFO](29/3/2022@17:2:15) Msg from أحمد(721351104): haha
[DEBUG] Bot is starting...
[INFO](29/3/2022@17:2:52) Msg from أحمد(721351104): haha
[DEBUG] Bot is starting...
[INFO](29/3/2022@17:5:15) Msg from أحمد(721351104): one
[INFO](29/3/2022@17:5:30) Msg from أحمد(721351104): haha
[INFO](29/3/2022@17:6:37) Msg from أحمد(721351104): one
[INFO](29/3/2022@17:8:5) Msg from أحمد(721351104): 1
[DEBUG] Bot is starting...
[INFO](29/3/2022@17:10:52) Msg from أحمد(721351104): 1
[DEBUG] Bot is starting...
[INFO](29/3/2022@17:13:36) Msg from أحمد(721351104): 2
[INFO](29/3/2022@17:14:49) Msg from أحمد(721351104): 1
[INFO](29/3/2022@17:16:17) Msg from تواصل | مركز آيات(440894867): 3
[INFO](29/3/2022@17:17:28) Msg from تواصل | مركز آيات(440894867): 1
[INFO](29/3/2022@17:19:3) Msg from عمّار(136312841): /start
[INFO](29/3/2022@17:19:6) Msg from عمّار(136312841): 1
[INFO](29/3/2022@17:19:10) Msg from عمّار(136312841): 2
[INFO](29/3/2022@17:19:12) Msg from عمّار(136312841): 3
[INFO](29/3/2022@17:19:13) Msg from عمّار(136312841): 4
[INFO](29/3/2022@17:19:14) Msg from عمّار(136312841): 5
[INFO](29/3/2022@17:19:30) Msg from عمّار(136312841): 1
[INFO](29/3/2022@17:19:32) Msg from عمّار(136312841): 2
[INFO](29/3/2022@17:19:33) Msg from عمّار(136312841): 3
[INFO](29/3/2022@17:19:35) Msg from عمّار(136312841): 4
[INFO](29/3/2022@17:19:36) Msg from عمّار(136312841): 5
[INFO](29/3/2022@17:22:18) Msg from أحمد(721351104): ٥
[INFO](29/3/2022@17:22:27) Msg from أحمد(721351104): 5
[INFO](29/3/2022@17:24:9) Msg from تواصل | مركز آيات(440894867): 5
[INFO](29/3/2022@17:26:26) Msg from عمّار(136312841): 1
